# JRE version: OpenJDK Runtime Environment (21.0.8) (build 21.0.8+-14196175-b1038.72)
# Java VM: OpenJDK 64-Bit Server VM (21.0.8+-14196175-b1038.72, mixed mode, tiered, compressed oops, compressed class ptrs, g1 gc, windows-amd64)
GC Precious Log:
 CardTable entry size: 512
 Card Set container configuration: InlinePtr #cards 5 size 8 Array Of Cards #cards 12 size 40 Howl #buckets 4 coarsen threshold 1843 Howl Bitmap #cards 512 size 80 coarsen threshold 460 Card regions per heap region 1 cards per card region 2048
 CPUs: 8 total, 8 available
 Memory: 16333M
 Large Page Support: Disabled
 NUMA Support: Disabled
 Compressed Oops: Enabled (32-bit)
 Heap Region Size: 1M
 Heap Min Capacity: 8M
 Heap Initial Capacity: 256M
 Heap Max Capacity: 2G
 Pre-touch: Disabled
 Parallel Workers: 8
 Concurrent Workers: 2
 Concurrent Refinement Workers: 8
 Periodic GC: Disabled
Heap:
 garbage-first heap   total 289792K, used 248928K [0x0000000080000000, 0x0000000100000000)
  region size 1024K, 91 young (93184K), 11 survivors (11264K)
 Metaspace       used 116598K, committed 118592K, reserved 1179648K
  class space    used 15293K, committed 16320K, reserved 1048576K
GC Heap History (20 events):
Event: 15.075 GC heap after
{Heap after GC invocations=37 (full 0):
 garbage-first heap   total 198656K, used 121970K [0x0000000080000000, 0x0000000100000000)
  region size 1024K, 6 young (6144K), 6 survivors (6144K)
 Metaspace       used 83963K, committed 85824K, reserved 1179648K
  class space    used 11573K, committed 12544K, reserved 1048576K
}
Event: 15.817 GC heap before
{Heap before GC invocations=37 (full 0):
 garbage-first heap   total 198656K, used 179314K [0x0000000080000000, 0x0000000100000000)
  region size 1024K, 63 young (64512K), 6 survivors (6144K)
 Metaspace       used 84134K, committed 86016K, reserved 1179648K
  class space    used 11574K, committed 12544K, reserved 1048576K
}
Event: 15.825 GC heap after
{Heap after GC invocations=38 (full 0):
 garbage-first heap   total 198656K, used 123610K [0x0000000080000000, 0x0000000100000000)
  region size 1024K, 6 young (6144K), 6 survivors (6144K)
 Metaspace       used 84134K, committed 86016K, reserved 1179648K
  class space    used 11574K, committed 12544K, reserved 1048576K
}
Event: 16.760 GC heap before
{Heap before GC invocations=38 (full 0):
 garbage-first heap   total 198656K, used 178906K [0x0000000080000000, 0x0000000100000000)
  region size 1024K, 61 young (62464K), 6 survivors (6144K)
 Metaspace       used 86613K, committed 88448K, reserved 1179648K
  class space    used 11918K, committed 12864K, reserved 1048576K
}
Event: 16.767 GC heap after
{Heap after GC invocations=39 (full 0):
 garbage-first heap   total 198656K, used 126998K [0x0000000080000000, 0x0000000100000000)
  region size 1024K, 6 young (6144K), 6 survivors (6144K)
 Metaspace       used 86613K, committed 88448K, reserved 1179648K
  class space    used 11918K, committed 12864K, reserved 1048576K
}
Event: 35.207 GC heap before
{Heap before GC invocations=40 (full 0):
 garbage-first heap   total 214016K, used 179222K [0x0000000080000000, 0x0000000100000000)
  region size 1024K, 58 young (59392K), 6 survivors (6144K)
 Metaspace       used 92673K, committed 94592K, reserved 1179648K
  class space    used 12719K, committed 13696K, reserved 1048576K
}
Event: 35.215 GC heap after
{Heap after GC invocations=41 (full 0):
 garbage-first heap   total 214016K, used 131704K [0x0000000080000000, 0x0000000100000000)
  region size 1024K, 5 young (5120K), 5 survivors (5120K)
 Metaspace       used 92673K, committed 94592K, reserved 1179648K
  class space    used 12719K, committed 13696K, reserved 1048576K
}
Event: 37.280 GC heap before
{Heap before GC invocations=41 (full 0):
 garbage-first heap   total 214016K, used 199288K [0x0000000080000000, 0x0000000100000000)
  region size 1024K, 69 young (70656K), 5 survivors (5120K)
 Metaspace       used 93752K, committed 95680K, reserved 1179648K
  class space    used 12862K, committed 13824K, reserved 1048576K
}
Event: 37.288 GC heap after
{Heap after GC invocations=42 (full 0):
 garbage-first heap   total 214016K, used 132869K [0x0000000080000000, 0x0000000100000000)
  region size 1024K, 9 young (9216K), 9 survivors (9216K)
 Metaspace       used 93752K, committed 95680K, reserved 1179648K
  class space    used 12862K, committed 13824K, reserved 1048576K
}
Event: 37.407 GC heap before
{Heap before GC invocations=42 (full 0):
 garbage-first heap   total 214016K, used 140037K [0x0000000080000000, 0x0000000100000000)
  region size 1024K, 18 young (18432K), 9 survivors (9216K)
 Metaspace       used 95538K, committed 97408K, reserved 1179648K
  class space    used 13080K, committed 14016K, reserved 1048576K
}
Event: 37.412 GC heap after
{Heap after GC invocations=43 (full 0):
 garbage-first heap   total 214016K, used 134231K [0x0000000080000000, 0x0000000100000000)
  region size 1024K, 5 young (5120K), 5 survivors (5120K)
 Metaspace       used 95538K, committed 97408K, reserved 1179648K
  class space    used 13080K, committed 14016K, reserved 1048576K
}
Event: 38.594 GC heap before
{Heap before GC invocations=44 (full 0):
 garbage-first heap   total 229376K, used 200791K [0x0000000080000000, 0x0000000100000000)
  region size 1024K, 65 young (66560K), 5 survivors (5120K)
 Metaspace       used 102138K, committed 104128K, reserved 1179648K
  class space    used 13768K, committed 14784K, reserved 1048576K
}
Event: 38.601 GC heap after
{Heap after GC invocations=45 (full 0):
 garbage-first heap   total 229376K, used 142194K [0x0000000080000000, 0x0000000100000000)
  region size 1024K, 9 young (9216K), 9 survivors (9216K)
 Metaspace       used 102138K, committed 104128K, reserved 1179648K
  class space    used 13768K, committed 14784K, reserved 1048576K
}
Event: 39.419 GC heap before
{Heap before GC invocations=45 (full 0):
 garbage-first heap   total 229376K, used 212850K [0x0000000080000000, 0x0000000100000000)
  region size 1024K, 73 young (74752K), 9 survivors (9216K)
 Metaspace       used 103001K, committed 105024K, reserved 1179648K
  class space    used 13833K, committed 14848K, reserved 1048576K
}
Event: 39.441 GC heap after
{Heap after GC invocations=46 (full 0):
 garbage-first heap   total 240640K, used 157696K [0x0000000080000000, 0x0000000100000000)
  region size 1024K, 10 young (10240K), 10 survivors (10240K)
 Metaspace       used 103001K, committed 105024K, reserved 1179648K
  class space    used 13833K, committed 14848K, reserved 1048576K
}
Event: 39.853 GC heap before
{Heap before GC invocations=46 (full 0):
 garbage-first heap   total 240640K, used 188416K [0x0000000080000000, 0x0000000100000000)
  region size 1024K, 42 young (43008K), 10 survivors (10240K)
 Metaspace       used 104046K, committed 106112K, reserved 1179648K
  class space    used 13894K, committed 14976K, reserved 1048576K
}
Event: 39.864 GC heap after
{Heap after GC invocations=47 (full 0):
 garbage-first heap   total 240640K, used 163029K [0x0000000080000000, 0x0000000100000000)
  region size 1024K, 5 young (5120K), 5 survivors (5120K)
 Metaspace       used 104046K, committed 106112K, reserved 1179648K
  class space    used 13894K, committed 14976K, reserved 1048576K
}
Event: 41.573 GC heap before
{Heap before GC invocations=48 (full 0):
 garbage-first heap   total 276480K, used 222421K [0x0000000080000000, 0x0000000100000000)
  region size 1024K, 59 young (60416K), 5 survivors (5120K)
 Metaspace       used 112741K, committed 114752K, reserved 1179648K
  class space    used 14842K, committed 15872K, reserved 1048576K
}
Event: 41.578 GC heap after
{Heap after GC invocations=49 (full 0):
 garbage-first heap   total 276480K, used 167008K [0x0000000080000000, 0x0000000100000000)
  region size 1024K, 7 young (7168K), 7 survivors (7168K)
 Metaspace       used 112741K, committed 114752K, reserved 1179648K
  class space    used 14842K, committed 15872K, reserved 1048576K
}
Event: 43.444 GC heap before
{Heap before GC invocations=49 (full 0):
 garbage-first heap   total 276480K, used 248928K [0x0000000080000000, 0x0000000100000000)
  region size 1024K, 87 young (89088K), 7 survivors (7168K)
 Metaspace       used 116598K, committed 118592K, reserved 1179648K
  class space    used 15293K, committed 16320K, reserved 1048576K
}

